[debug] [2019-11-28T22:47:45.085Z] ----------------------------------------------------------------------
[debug] [2019-11-28T22:47:45.087Z] Command:       /usr/local/bin/node /home/hugomartinez/.yarn/bin/firebase serve --only functions
[debug] [2019-11-28T22:47:45.087Z] CLI Version:   7.0.2
[debug] [2019-11-28T22:47:45.087Z] Platform:      linux
[debug] [2019-11-28T22:47:45.087Z] Node Version:  v8.16.0
[debug] [2019-11-28T22:47:45.087Z] Time:          Thu Nov 28 2019 19:47:45 GMT-0300 (-03)
[debug] [2019-11-28T22:47:45.087Z] ----------------------------------------------------------------------
[debug] 
[debug] [2019-11-28T22:47:45.094Z] > command requires scopes: ["email","openid","https://www.googleapis.com/auth/cloudplatformprojects.readonly","https://www.googleapis.com/auth/firebase","https://www.googleapis.com/auth/cloud-platform"]
[debug] [2019-11-28T22:47:45.095Z] > authorizing via signed-in user
[debug] [2019-11-28T22:47:45.095Z] [iam] checking project app-panoramas for permissions ["firebase.projects.get"]
[debug] [2019-11-28T22:47:45.096Z] >>> HTTP REQUEST POST https://cloudresourcemanager.googleapis.com/v1/projects/app-panoramas:testIamPermissions  

[debug] [2019-11-28T22:47:46.384Z] <<< HTTP RESPONSE 200
[debug] [2019-11-28T22:47:46.385Z] >>> HTTP REQUEST GET https://cloudresourcemanager.googleapis.com/v1/projects/app-panoramas  
 
[debug] [2019-11-28T22:47:47.622Z] <<< HTTP RESPONSE 200
[info] ✔  functions: Using node@8 from host.
[debug] [2019-11-28T22:47:47.643Z] >>> HTTP REQUEST GET https://mobilesdk-pa.googleapis.com/v1/projects/604781351481:getServerAppConfig  
 
[debug] [2019-11-28T22:47:48.927Z] <<< HTTP RESPONSE 200
[info] ✔  functions: Emulator started at http://localhost:5000
[info] i  functions: Watching "/home/hugomartinez/Proyectos/AppPanoramas/Dev/panoramas/functions" for Cloud Functions...
[debug] [2019-11-28T22:47:49.279Z] Functions runtime initialized.
[debug] [2019-11-28T22:47:49.279Z] Disabled runtime features: {"functions_config_helper":true,"network_filtering":true,"timeout":true,"memory_limiting":true,"protect_env":true,"admin_stubs":true}
[debug] [2019-11-28T22:47:49.335Z] firebase-admin has been stubbed.
[info] i  functions: HTTP trigger initialized at http://localhost:5000/app-panoramas/us-central1/api
[debug] [2019-11-28T22:47:59.377Z] Accepted request GET /app-panoramas/us-central1/api/panoramas/78E01F7kM8XwRYIuVkcS/xrealizar --> api
[debug] [2019-11-28T22:47:59.740Z] Functions runtime initialized.
[info] i  functions: Beginning execution of "api"
[debug] [2019-11-28T22:47:59.740Z] Disabled runtime features: {"functions_config_helper":true,"network_filtering":true,"timeout":true,"memory_limiting":true,"protect_env":true,"admin_stubs":true}
[debug] [2019-11-28T22:47:59.791Z] firebase-admin has been stubbed.
[debug] [2019-11-28T22:47:59.927Z] Trigger "api" has been found, beginning invocation!
[debug] [2019-11-28T22:47:59.927Z] 
[debug] [2019-11-28T22:47:59.927Z] Running api in mode HTTPS
[debug] [2019-11-28T22:47:59.933Z] {"socketPath":"/tmp/firebase_emulator_invocation_11774.sock"}
[debug] [2019-11-28T22:47:59.935Z] [functions] Runtime ready! Sending request! {"socketPath":"/tmp/firebase_emulator_invocation_11774.sock"}
[debug] [2019-11-28T22:47:59.951Z] Ephemeral server used!
[debug] [2019-11-28T22:47:59.952Z] Bodyundefined
[debug] [2019-11-28T22:47:59.963Z] Ephemeral server survived.
[info] i  functions: Finished "api" in ~2s
[debug] [2019-11-28T22:48:04.035Z] Accepted request GET /app-panoramas/us-central1/api/panoramas/LLa5OnpJ8KxvGDPCXbEu/xrealizar --> api
[debug] [2019-11-28T22:48:04.287Z] Functions runtime initialized.
[info] i  functions: Beginning execution of "api"
[debug] [2019-11-28T22:48:04.288Z] Disabled runtime features: {"functions_config_helper":true,"network_filtering":true,"timeout":true,"memory_limiting":true,"protect_env":true,"admin_stubs":true}
[debug] [2019-11-28T22:48:04.338Z] firebase-admin has been stubbed.
[debug] [2019-11-28T22:48:04.475Z] Trigger "api" has been found, beginning invocation!
[debug] [2019-11-28T22:48:04.476Z] 
[debug] [2019-11-28T22:48:04.476Z] Running api in mode HTTPS
[debug] [2019-11-28T22:48:04.485Z] {"socketPath":"/tmp/firebase_emulator_invocation_11788.sock"}
[debug] [2019-11-28T22:48:04.486Z] [functions] Runtime ready! Sending request! {"socketPath":"/tmp/firebase_emulator_invocation_11788.sock"}
[debug] [2019-11-28T22:48:04.504Z] Ephemeral server used!
[debug] [2019-11-28T22:48:04.505Z] Bodyundefined
[debug] [2019-11-28T22:48:04.518Z] Ephemeral server survived.
[info] i  functions: Finished "api" in ~2s
[debug] [2019-11-28T22:48:06.714Z] Accepted request GET /app-panoramas/us-central1/api/panoramas/LLa5OnpJ8KxvGDPCXbEu/xrealizar --> api
[debug] [2019-11-28T22:48:07.008Z] Functions runtime initialized.
[info] i  functions: Beginning execution of "api"
[debug] [2019-11-28T22:48:07.009Z] Disabled runtime features: {"functions_config_helper":true,"network_filtering":true,"timeout":true,"memory_limiting":true,"protect_env":true,"admin_stubs":true}
[debug] [2019-11-28T22:48:07.062Z] firebase-admin has been stubbed.
[debug] [2019-11-28T22:48:07.201Z] Trigger "api" has been found, beginning invocation!
[debug] [2019-11-28T22:48:07.202Z] 
[debug] [2019-11-28T22:48:07.202Z] Running api in mode HTTPS
[debug] [2019-11-28T22:48:07.208Z] {"socketPath":"/tmp/firebase_emulator_invocation_11798.sock"}
[debug] [2019-11-28T22:48:07.208Z] [functions] Runtime ready! Sending request! {"socketPath":"/tmp/firebase_emulator_invocation_11798.sock"}
[debug] [2019-11-28T22:48:07.225Z] Ephemeral server used!
[debug] [2019-11-28T22:48:07.226Z] Bodyundefined
[debug] [2019-11-28T22:48:07.238Z] Ephemeral server survived.
[info] i  functions: Finished "api" in ~1s
[debug] [2019-11-28T22:48:59.416Z] Accepted request GET /app-panoramas/us-central1/api/panoramas/LLa5OnpJ8KxvGDPCXbEu/realizado --> api
[debug] [2019-11-28T22:48:59.790Z] Functions runtime initialized.
[info] i  functions: Beginning execution of "api"
[debug] [2019-11-28T22:48:59.790Z] Disabled runtime features: {"functions_config_helper":true,"network_filtering":true,"timeout":true,"memory_limiting":true,"protect_env":true,"admin_stubs":true}
[debug] [2019-11-28T22:48:59.843Z] firebase-admin has been stubbed.
[debug] [2019-11-28T22:48:59.973Z] Trigger "api" has been found, beginning invocation!
[debug] [2019-11-28T22:48:59.973Z] 
[debug] [2019-11-28T22:48:59.973Z] Running api in mode HTTPS
[debug] [2019-11-28T22:48:59.980Z] {"socketPath":"/tmp/firebase_emulator_invocation_11833.sock"}
[debug] [2019-11-28T22:48:59.980Z] [functions] Runtime ready! Sending request! {"socketPath":"/tmp/firebase_emulator_invocation_11833.sock"}
[debug] [2019-11-28T22:48:59.997Z] Ephemeral server used!
[debug] [2019-11-28T22:48:59.998Z] Bodyundefined
[debug] [2019-11-28T22:49:00.009Z] Ephemeral server survived.
[info] >  Info interesados { email: 'haml9@hotmail.com',
[info] >    nombreUsuario: 'Hugo A. Martínez Lagos',
[info] >    uid: 'hqwmIzjfVcYuAHCbcSJhj7ssOEl2',
[info] >    createdAt: Timestamp { _seconds: 1574981288, _nanoseconds: 521000000 },
[info] >    pid: 'LLa5OnpJ8KxvGDPCXbEu',
[info] >    ciudadOrigen: 'PUCON' }
[info] i  functions: Finished "api" in ~2s
[debug] [2019-11-28T22:54:00.657Z] Accepted request GET /app-panoramas/us-central1/api/panoramas/78E01F7kM8XwRYIuVkcS/realizado --> api
[debug] [2019-11-28T22:54:00.896Z] Functions runtime initialized.
[info] i  functions: Beginning execution of "api"
[debug] [2019-11-28T22:54:00.897Z] Disabled runtime features: {"functions_config_helper":true,"network_filtering":true,"timeout":true,"memory_limiting":true,"protect_env":true,"admin_stubs":true}
[debug] [2019-11-28T22:54:00.947Z] firebase-admin has been stubbed.
[debug] [2019-11-28T22:54:01.079Z] Trigger "api" has been found, beginning invocation!
[debug] [2019-11-28T22:54:01.079Z] 
[debug] [2019-11-28T22:54:01.079Z] Running api in mode HTTPS
[debug] [2019-11-28T22:54:01.085Z] {"socketPath":"/tmp/firebase_emulator_invocation_11998.sock"}
[debug] [2019-11-28T22:54:01.086Z] [functions] Runtime ready! Sending request! {"socketPath":"/tmp/firebase_emulator_invocation_11998.sock"}
[debug] [2019-11-28T22:54:01.102Z] Ephemeral server used!
[debug] [2019-11-28T22:54:01.103Z] Bodyundefined
[debug] [2019-11-28T22:54:01.115Z] Ephemeral server survived.
[info] >  Info interesados undefined
[info] i  functions: Finished "api" in ~1s
[debug] [2019-11-28T23:38:49.226Z] Accepted request GET /app-panoramas/us-central1/api/panoramas/78E01F7kM8XwRYIuVkcS/realizado --> api
[debug] [2019-11-28T23:38:49.550Z] Functions runtime initialized.
[info] i  functions: Beginning execution of "api"
[debug] [2019-11-28T23:38:49.550Z] Disabled runtime features: {"functions_config_helper":true,"network_filtering":true,"timeout":true,"memory_limiting":true,"protect_env":true,"admin_stubs":true}
[debug] [2019-11-28T23:38:49.601Z] firebase-admin has been stubbed.
[debug] [2019-11-28T23:38:49.730Z] Trigger "api" has been found, beginning invocation!
[debug] [2019-11-28T23:38:49.731Z] 
[debug] [2019-11-28T23:38:49.731Z] Running api in mode HTTPS
[debug] [2019-11-28T23:38:49.737Z] {"socketPath":"/tmp/firebase_emulator_invocation_12920.sock"}
[debug] [2019-11-28T23:38:49.738Z] [functions] Runtime ready! Sending request! {"socketPath":"/tmp/firebase_emulator_invocation_12920.sock"}
[debug] [2019-11-28T23:38:49.754Z] Ephemeral server used!
[debug] [2019-11-28T23:38:49.754Z] Bodyundefined
[debug] [2019-11-28T23:38:49.765Z] Ephemeral server survived.
[info] >  Info interesados { ciudadOrigen: 'PUCON',
[info] >    email: 'haml9@hotmail.com',
[info] >    nombreUsuario: 'Hugo A. Martínez Lagos',
[info] >    uid: 'hqwmIzjfVcYuAHCbcSJhj7ssOEl2',
[info] >    createdAt: Timestamp { _seconds: 1574981281, _nanoseconds: 293000000 },
[info] >    pid: '78E01F7kM8XwRYIuVkcS' }
[info] i  functions: Finished "api" in ~2s
[debug] [2019-11-28T23:39:08.310Z] Accepted request GET /app-panoramas/us-central1/api/panoramas/LLa5OnpJ8KxvGDPCXbEu/xrealizar --> api
[debug] [2019-11-28T23:39:08.588Z] Functions runtime initialized.
[info] i  functions: Beginning execution of "api"
[debug] [2019-11-28T23:39:08.588Z] Disabled runtime features: {"functions_config_helper":true,"network_filtering":true,"timeout":true,"memory_limiting":true,"protect_env":true,"admin_stubs":true}
[debug] [2019-11-28T23:39:08.639Z] firebase-admin has been stubbed.
[debug] [2019-11-28T23:39:08.768Z] Trigger "api" has been found, beginning invocation!
[debug] [2019-11-28T23:39:08.768Z] 
[debug] [2019-11-28T23:39:08.768Z] Running api in mode HTTPS
[debug] [2019-11-28T23:39:08.774Z] {"socketPath":"/tmp/firebase_emulator_invocation_12933.sock"}
[debug] [2019-11-28T23:39:08.775Z] [functions] Runtime ready! Sending request! {"socketPath":"/tmp/firebase_emulator_invocation_12933.sock"}
[debug] [2019-11-28T23:39:08.790Z] Ephemeral server used!
[debug] [2019-11-28T23:39:08.791Z] Bodyundefined
[debug] [2019-11-28T23:39:08.802Z] Ephemeral server survived.
[info] i  functions: Finished "api" in ~2s
[debug] [2019-11-28T23:57:21.268Z] Accepted request GET /app-panoramas/us-central1/api/panoramas/LLa5OnpJ8KxvGDPCXbEu/realizado --> api
[debug] [2019-11-28T23:57:21.653Z] Functions runtime initialized.
[info] i  functions: Beginning execution of "api"
[debug] [2019-11-28T23:57:21.653Z] Disabled runtime features: {"functions_config_helper":true,"network_filtering":true,"timeout":true,"memory_limiting":true,"protect_env":true,"admin_stubs":true}
[debug] [2019-11-28T23:57:21.709Z] firebase-admin has been stubbed.
[debug] [2019-11-28T23:57:21.857Z] Trigger "api" has been found, beginning invocation!
[debug] [2019-11-28T23:57:21.857Z] 
[debug] [2019-11-28T23:57:21.857Z] Running api in mode HTTPS
[debug] [2019-11-28T23:57:21.864Z] {"socketPath":"/tmp/firebase_emulator_invocation_13399.sock"}
[debug] [2019-11-28T23:57:21.864Z] [functions] Runtime ready! Sending request! {"socketPath":"/tmp/firebase_emulator_invocation_13399.sock"}
[debug] [2019-11-28T23:57:21.881Z] Ephemeral server used!
[debug] [2019-11-28T23:57:21.881Z] Bodyundefined
[debug] [2019-11-28T23:57:21.894Z] Ephemeral server survived.
[info] >  Info interesados { ciudadOrigen: 'PUCON',
[info] >    email: 'haml9@hotmail.com',
[info] >    nombreUsuario: 'Hugo A. Martínez Lagos',
[info] >    uid: 'hqwmIzjfVcYuAHCbcSJhj7ssOEl2',
[info] >    createdAt: Timestamp { _seconds: 1574984350, _nanoseconds: 117000000 },
[info] >    pid: 'LLa5OnpJ8KxvGDPCXbEu' }
[info] i  functions: Finished "api" in ~2s
